<?xml version="1.0" encoding="UTF-8"?>
<!-- Generated by org.testng.reporters.JUnitXMLReporter -->
<testsuite ignored="0" hostname="Avinashs-Air.bbrouter" failures="0" tests="3" name="Default test" time="36.363" errors="0" timestamp="2024-01-14T18:27:30 IST">
  <testcase classname="basicprograms.WebElementCommands" name="clearTextBox" time="0.028"/>
  <testcase classname="basicprograms.WebElementCommands" name="EnterText" time="4.072"/>
  <testcase classname="basicprograms.WebElementCommands" name="ClickMethod" time="7.281"/>
</testsuite> <!-- Default test -->
