<?xml version="1.0" encoding="UTF-8"?>
<testng-results ignored="0" total="1" passed="1" failed="0" skipped="0">
  <reporter-output>
  </reporter-output>
  <suite started-at="2024-01-12T19:13:50 IST" name="Default suite" finished-at="2024-01-12T19:13:55 IST" duration-ms="4821">
    <groups>
    </groups>
    <test started-at="2024-01-12T19:13:50 IST" name="Default test" finished-at="2024-01-12T19:13:55 IST" duration-ms="4821">
      <class name="basicprograms.LaunchBrowser">
        <test-method signature="lanchBrowser()[pri:0, instance:basicprograms.LaunchBrowser@7b36aa0c]" started-at="2024-01-12T19:13:50 IST" name="lanchBrowser" finished-at="2024-01-12T19:13:55 IST" duration-ms="4805" status="PASS">
          <reporter-output>
          </reporter-output>
        </test-method> <!-- lanchBrowser -->
      </class> <!-- basicprograms.LaunchBrowser -->
    </test> <!-- Default test -->
  </suite> <!-- Default suite -->
</testng-results>
